{
  "RSpec": {
    "coverage": {
      "/Users/student/Projects/acebook---CharliesAngels/spec/controllers/posts_controller_spec.rb": [
        1,
        1,
        null,
        null,
        1,
        null,
        1,
        1,
        0,
        0,
        0,
        null,
        null,
        1,
        0,
        0,
        0,
        null,
        null,
        null,
        1,
        1,
        1,
        1,
        null,
        null,
        null
      ],
      "/Users/student/Projects/acebook---CharliesAngels/spec/rails_helper.rb": [
        null,
        1,
        1,
        null,
        1,
        1,
        1,
        null,
        null,
        null,
        null,
        null,
        null,
        null,
        null,
        null,
        null,
        null,
        null,
        null,
        null,
        null,
        null,
        null,
        null,
        null,
        1,
        null,
        1,
        null,
        1,
        null,
        null,
        null,
        null,
        1,
        null,
        null,
        null,
        null,
        null,
        null,
        null,
        null,
        null,
        null,
        null,
        null,
        null,
        null,
        1,
        null,
        null,
        1,
        null,
        null,
        null
      ],
      "/Users/student/Projects/acebook---CharliesAngels/config/environment.rb": [
        null,
        1,
        null,
        null,
        1
      ],
      "/Users/student/Projects/acebook---CharliesAngels/config/application.rb": [
        1,
        null,
        1,
        null,
        null,
        null,
        1,
        null,
        1,
        1,
        null,
        1,
        null,
        null,
        null,
        null,
        null,
        null
      ],
      "/Users/student/Projects/acebook---CharliesAngels/config/boot.rb": [
        1,
        null,
        1
      ],
      "/Users/student/Projects/acebook---CharliesAngels/config/environments/test.rb": [
        1,
        null,
        null,
        null,
        null,
        null,
        null,
        1,
        null,
        null,
        null,
        null,
        1,
        null,
        null,
        1,
        1,
        null,
        null,
        null,
        null,
        1,
        1,
        null,
        null,
        1,
        null,
        null,
        1,
        1,
        null,
        null,
        null,
        null,
        1,
        null,
        null,
        1,
        null,
        null,
        null,
        1,
        null
      ],
      "/Users/student/Projects/acebook---CharliesAngels/config/initializers/application_controller_renderer.rb": [
        null,
        null,
        null,
        null,
        null,
        null
      ],
      "/Users/student/Projects/acebook---CharliesAngels/config/initializers/assets.rb": [
        null,
        null,
        null,
        1,
        null,
        null,
        null,
        null,
        1,
        null,
        null,
        null,
        null,
        null,
        1,
        1
      ],
      "/Users/student/Projects/acebook---CharliesAngels/config/initializers/backtrace_silencers.rb": [
        null,
        null,
        null,
        null,
        null,
        null,
        null
      ],
      "/Users/student/Projects/acebook---CharliesAngels/config/initializers/cookies_serializer.rb": [
        null,
        null,
        null,
        null,
        1
      ],
      "/Users/student/Projects/acebook---CharliesAngels/config/initializers/filter_parameter_logging.rb": [
        null,
        null,
        null,
        1
      ],
      "/Users/student/Projects/acebook---CharliesAngels/config/initializers/inflections.rb": [
        null,
        null,
        null,
        null,
        null,
        null,
        null,
        null,
        null,
        null,
        null,
        null,
        null,
        null,
        null,
        null
      ],
      "/Users/student/Projects/acebook---CharliesAngels/config/initializers/mime_types.rb": [
        null,
        null,
        null,
        null
      ],
      "/Users/student/Projects/acebook---CharliesAngels/config/initializers/wrap_parameters.rb": [
        null,
        null,
        null,
        null,
        null,
        null,
        1,
        2,
        null,
        null,
        null,
        null,
        null,
        null
      ],
      "/Users/student/Projects/acebook---CharliesAngels/config/routes.rb": [
        1,
        1,
        null,
        null,
        1,
        1,
        null,
        1,
        1,
        1,
        null,
        1,
        null,
        1,
        1,
        1,
        1,
        null,
        null,
        null
      ],
      "/Users/student/Projects/acebook---CharliesAngels/app/helpers/application_helper.rb": [
        1,
        null
      ],
      "/Users/student/Projects/acebook---CharliesAngels/app/helpers/sessions_helper.rb": [
        1,
        1,
        10,
        null,
        null,
        1,
        303,
        276,
        null,
        null,
        null,
        1,
        47,
        null,
        null,
        1,
        0,
        0,
        null,
        null,
        null
      ],
      "/Users/student/Projects/acebook---CharliesAngels/app/helpers/users_helper.rb": [
        1,
        null,
        1,
        0,
        0,
        0,
        null,
        null
      ],
      "/Users/student/Projects/acebook---CharliesAngels/app/helpers/welcome_helper.rb": [
        1,
        null
      ],
      "/Users/student/Projects/acebook---CharliesAngels/spec/features/sign_up_helper.rb": [
        1,
        10,
        10,
        10,
        10,
        10,
        10,
        null
      ],
      "/Users/student/Projects/acebook---CharliesAngels/app/controllers/posts_controller.rb": [
        1,
        null,
        null,
        null,
        null,
        1,
        1,
        null,
        1,
        8,
        null,
        null,
        1,
        8,
        8,
        8,
        null,
        0,
        null,
        null,
        null,
        1,
        1,
        1,
        1,
        null,
        null,
        1,
        33,
        31,
        null,
        2,
        null,
        null,
        null,
        1,
        1,
        null,
        null,
        1,
        2,
        2,
        null,
        2,
        null,
        null,
        1,
        1,
        null,
        null,
        1,
        0,
        0,
        null,
        null,
        1,
        0,
        0,
        null,
        null,
        1,
        null,
        1,
        9,
        null,
        null
      ],
      "/Users/student/Projects/acebook---CharliesAngels/app/controllers/application_controller.rb": [
        1,
        1,
        1,
        null
      ],
      "/Users/student/Projects/acebook---CharliesAngels/spec/controllers/sessions_controller_spec.rb": [
        1,
        null,
        1,
        null,
        null,
        null
      ],
      "/Users/student/Projects/acebook---CharliesAngels/app/controllers/sessions_controller.rb": [
        1,
        null,
        1,
        null,
        1,
        2,
        1,
        1,
        null,
        null,
        null,
        1,
        0,
        0,
        0,
        0,
        null,
        0,
        0,
        null,
        null,
        null,
        1,
        0,
        0,
        null,
        null
      ],
      "/Users/student/Projects/acebook---CharliesAngels/spec/controllers/users_controller_spec.rb": [
        1,
        null,
        1,
        null,
        null
      ],
      "/Users/student/Projects/acebook---CharliesAngels/app/controllers/users_controller.rb": [
        1,
        null,
        1,
        null,
        1,
        2,
        2,
        null,
        null,
        1,
        12,
        1,
        1,
        null,
        11,
        null,
        null,
        null,
        1,
        11,
        11,
        10,
        null,
        10,
        null,
        1,
        null,
        null,
        null,
        1,
        11,
        null,
        null
      ],
      "/Users/student/Projects/acebook---CharliesAngels/spec/controllers/welcome_controller_spec.rb": [
        1,
        null,
        1,
        null,
        null
      ],
      "/Users/student/Projects/acebook---CharliesAngels/app/controllers/welcome_controller.rb": [
        1,
        1,
        null,
        null
      ],
      "/Users/student/Projects/acebook---CharliesAngels/spec/features/user_can_delete_form_spec.rb": [
        1,
        1,
        1,
        null,
        null,
        1,
        1,
        1,
        1,
        1,
        1,
        1,
        1,
        null,
        null
      ],
      "/Users/student/Projects/acebook---CharliesAngels/spec/features/method_helpers.rb": [
        1,
        4,
        4,
        4,
        4,
        null,
        null,
        1,
        1,
        1,
        1,
        1,
        null,
        null,
        1,
        1,
        1,
        1,
        1,
        null
      ],
      "/Users/student/Projects/acebook---CharliesAngels/spec/features/user_can_delete_post_spec.rb": [
        1,
        1,
        1,
        null,
        null,
        1,
        1,
        1,
        1,
        1,
        1,
        1,
        1,
        null,
        null
      ],
      "/Users/student/Projects/acebook---CharliesAngels/spec/features/user_can_only_submit_valid_credentials_spec.rb": [
        1,
        null,
        1,
        1,
        1,
        1,
        1,
        1,
        1,
        1,
        1,
        null,
        null
      ],
      "/Users/student/Projects/acebook---CharliesAngels/spec/features/user_can_post_on_their_wall_only_spec.rb": [
        1,
        1,
        1,
        1,
        1,
        1,
        1,
        1,
        1,
        1,
        1,
        1,
        null,
        null
      ],
      "/Users/student/Projects/acebook---CharliesAngels/spec/features/user_can_sign_up_spec.rb": [
        1,
        1,
        null,
        1,
        1,
        0,
        0,
        null,
        null
      ],
      "/Users/student/Projects/acebook---CharliesAngels/spec/features/user_can_submit_posts_spec.rb": [
        1,
        1,
        null,
        1,
        1,
        1,
        1,
        1,
        null,
        null,
        1,
        1,
        1,
        1,
        null,
        null
      ],
      "/Users/student/Projects/acebook---CharliesAngels/spec/features/user_can_update_posts_spec.rb": [
        1,
        1,
        1,
        1,
        null,
        1,
        null,
        1,
        1,
        1,
        1,
        1,
        null,
        null,
        1,
        1,
        1,
        1,
        1,
        1,
        null,
        null,
        null,
        1,
        1,
        1,
        1,
        1,
        1,
        1,
        null,
        null,
        null
      ],
      "/Users/student/Projects/acebook---CharliesAngels/spec/features/user_redirected_if_not_signed_in_spec.rb": [
        1,
        1,
        null,
        1,
        1,
        null,
        null
      ],
      "/Users/student/Projects/acebook---CharliesAngels/spec/features/user_redirected_if_signed_in_spec.rb": [
        1,
        null,
        null,
        1,
        1,
        null,
        1,
        1,
        1,
        null,
        null,
        1,
        null,
        1,
        1,
        1,
        null,
        null
      ],
      "/Users/student/Projects/acebook---CharliesAngels/spec/helpers/sessions_helper_spec.rb": [
        1,
        null,
        null,
        null,
        null,
        null,
        null,
        null,
        null,
        null,
        null,
        null,
        1,
        1,
        null
      ],
      "/Users/student/Projects/acebook---CharliesAngels/spec/helpers/users_helper_spec.rb": [
        1,
        null,
        null,
        null,
        null,
        null,
        null,
        null,
        null,
        null,
        null,
        null,
        1,
        1,
        null
      ],
      "/Users/student/Projects/acebook---CharliesAngels/spec/helpers/welcome_helper_spec.rb": [
        1,
        null,
        null,
        null,
        null,
        null,
        null,
        null,
        null,
        null,
        null,
        null,
        1,
        1,
        null
      ],
      "/Users/student/Projects/acebook---CharliesAngels/spec/models/post_spec.rb": [
        1,
        null,
        1,
        2,
        null,
        1,
        0,
        0,
        null,
        null,
        null,
        1,
        3,
        3,
        3,
        3,
        3,
        3,
        null,
        1,
        1,
        1,
        1,
        1,
        1,
        null,
        null,
        null,
        1,
        1,
        1,
        1,
        1,
        1,
        1,
        1,
        null,
        null,
        null,
        1,
        1,
        1,
        1,
        1,
        1,
        null,
        null,
        null,
        1,
        1,
        1,
        1,
        1,
        1,
        1,
        1,
        0,
        null,
        null
      ],
      "/Users/student/Projects/acebook---CharliesAngels/app/models/post.rb": [
        1,
        null,
        1,
        null,
        1,
        86,
        null,
        1,
        null,
        1,
        null,
        null,
        null,
        1,
        11,
        10,
        null,
        1,
        null,
        null,
        null,
        null
      ],
      "/Users/student/Projects/acebook---CharliesAngels/app/models/application_record.rb": [
        1,
        1,
        null
      ],
      "/Users/student/Projects/acebook---CharliesAngels/app/models/user.rb": [
        1,
        null,
        1,
        null,
        1,
        1,
        null,
        1,
        0,
        null,
        null,
        23,
        1,
        1,
        1,
        1,
        null,
        null,
        1,
        1,
        null,
        null
      ],
      "/Users/student/Projects/acebook---CharliesAngels/spec/models/user_spec.rb": [
        1,
        null,
        1,
        1,
        null,
        1,
        0,
        0,
        null,
        null,
        null,
        1,
        1,
        1,
        1,
        1,
        1,
        1,
        null,
        null,
        null,
        1,
        1,
        1,
        1,
        1,
        1,
        1,
        1,
        null,
        null,
        null
      ],
      "/Users/student/Projects/acebook---CharliesAngels/spec/views/sessions/new.html.erb_spec.rb": [
        1,
        null,
        1,
        1,
        null
      ],
      "/Users/student/Projects/acebook---CharliesAngels/spec/views/welcome/index.html.erb_spec.rb": [
        1,
        null,
        1,
        1,
        null
      ],
      "/Users/student/Projects/acebook---CharliesAngels/app/views/posts/time_helper.rb": [
        1,
        1,
        1,
        null,
        1,
        33,
        33,
        33,
        33,
        33,
        14,
        19,
        0,
        19,
        19,
        0,
        0,
        0,
        0,
        0,
        0,
        null,
        null,
        null
      ],
      "/Users/student/Projects/acebook---CharliesAngels/app/views/posts/greeting_helper.rb": [
        1,
        null,
        1,
        31,
        0,
        null,
        31,
        null,
        null
      ]
    },
    "timestamp": 1566414131
  }
}
